
08/июн./2022 07:12:24,766- LibraryThreadRun: Application started
08/июн./2022 07:12:24,782- BookLibrary: Добавляем книги, которые читаются вне зала...
08/июн./2022 07:12:24,791- Book: Создается новая книга: название = Книга0, byReadyRoom = false, timeReady = 1146
08/июн./2022 07:12:24,791- Book: Создается новая книга: название = Книга1, byReadyRoom = false, timeReady = 1621
08/июн./2022 07:12:24,791- Book: Создается новая книга: название = Книга2, byReadyRoom = false, timeReady = 1146
08/июн./2022 07:12:24,791- Book: Создается новая книга: название = Книга3, byReadyRoom = false, timeReady = 1324
08/июн./2022 07:12:24,791- Book: Создается новая книга: название = Книга4, byReadyRoom = false, timeReady = 1650
08/июн./2022 07:12:24,791- BookLibrary:  Добавляем книги, которые читаются в зале...
08/июн./2022 07:12:24,792- Book: Создается новая книга: название = Книга5, byReadyRoom = true, timeReady = 826
08/июн./2022 07:12:24,792- Book: Создается новая книга: название = Книга6, byReadyRoom = true, timeReady = 1953
08/июн./2022 07:12:24,792- Book: Создается новая книга: название = Книга7, byReadyRoom = true, timeReady = 1870
08/июн./2022 07:12:24,792- Book: Создается новая книга: название = Книга8, byReadyRoom = true, timeReady = 1260
08/июн./2022 07:12:24,792- Book: Создается новая книга: название = Книга9, byReadyRoom = true, timeReady = 668
08/июн./2022 07:12:24,792- BookLibrary: Добавляем читателей в библиотеку...
08/июн./2022 07:12:24,815- PeopleReader: Создание нового читателя: Имя = People0
08/июн./2022 07:12:24,815- PeopleReader: Создание нового читателя: Имя = People1
08/июн./2022 07:12:24,815- PeopleReader: Создание нового читателя: Имя = People2
08/июн./2022 07:12:24,815- PeopleReader: Создание нового читателя: Имя = People3
08/июн./2022 07:12:24,815- PeopleReader: Создание нового читателя: Имя = People4
08/июн./2022 07:12:24,815- PeopleReader: Создание нового читателя: Имя = People5
08/июн./2022 07:12:24,815- PeopleReader: Создание нового читателя: Имя = People6
08/июн./2022 07:12:24,815- PeopleReader: Создание нового читателя: Имя = People7
08/июн./2022 07:12:24,815- PeopleReader: Создание нового читателя: Имя = People8
08/июн./2022 07:12:24,815- PeopleReader: Создание нового читателя: Имя = People9
08/июн./2022 07:12:24,816- PeopleReader: People0 Не захотел приходить в библиотеку
08/июн./2022 07:12:24,816- PeopleReader: People2 Не захотел приходить в библиотеку
08/июн./2022 07:12:24,816- PeopleReader: People4 Не захотел приходить в библиотеку
08/июн./2022 07:12:24,816- PeopleReader: People3 Не захотел приходить в библиотеку
08/июн./2022 07:12:24,816- PeopleReader: People9 Не захотел приходить в библиотеку
08/июн./2022 07:12:24,840- PeopleReader: People7 Пришел в библиотеку
08/июн./2022 07:12:24,840- PeopleReader: People7 Покинул библиотеку
08/июн./2022 07:12:24,851- PeopleReader: People1 Пришел в библиотеку
08/июн./2022 07:12:24,851- PeopleReader: People1 Выбрал книгу = Книга7
08/июн./2022 07:12:24,851- Book: People1: Книга7 начинает читать...
08/июн./2022 07:12:24,857- PeopleReader: People6 Пришел в библиотеку
08/июн./2022 07:12:24,857- PeopleReader: People6 Выбрал книгу = Книга9
08/июн./2022 07:12:24,857- Book: People6: Книга9 начинает читать...
08/июн./2022 07:12:24,876- PeopleReader: People5 Пришел в библиотеку
08/июн./2022 07:12:24,876- PeopleReader: People5 Выбрал книгу = Книга4
08/июн./2022 07:12:24,876- Book: People5: Книга4 начинает читать...
08/июн./2022 07:12:24,880- PeopleReader: People8 Пришел в библиотеку
08/июн./2022 07:12:24,880- PeopleReader: People8 Выбрал книгу = Книга0
08/июн./2022 07:12:24,880- Book: People8: Книга0 начинает читать...
08/июн./2022 07:12:24,916- PeopleReader: People8 Выбрал книгу = Книга1
08/июн./2022 07:12:24,916- Book: People8: Книга1 начинает читать...
08/июн./2022 07:12:24,920- PeopleReader: People1 Выбрал книгу = Книга5
08/июн./2022 07:12:24,920- Book: People1: Книга5 начинает читать...
08/июн./2022 07:12:24,933- Book: People6: Книга9 перестает читать...
08/июн./2022 07:12:24,948- Book: People8: Книга1 перестает читать...
08/июн./2022 07:12:24,962- PeopleReader: People5 Выбрал книгу = Книга3
08/июн./2022 07:12:24,962- Book: People5: Книга3 начинает читать...
08/июн./2022 07:12:25,176- Book: People5: Книга3 перестает читать...
08/июн./2022 07:12:25,300- Book: People8: Книга0 перестает читать...
08/июн./2022 07:12:25,322- PeopleReader: People6 Покинул библиотеку
08/июн./2022 07:12:25,593- Book: People1: Книга5 перестает читать...
08/июн./2022 07:12:25,740- Book: People1: Книга7 перестает читать...
08/июн./2022 07:12:25,757- PeopleReader: People8 Покинул библиотеку
08/июн./2022 07:12:25,808- PeopleReader: People5 Покинул библиотеку
08/июн./2022 07:12:25,961- Book: People5: Книга4 перестает читать...
08/июн./2022 07:12:26,546- PeopleReader: People1 Покинул библиотеку
08/июн./2022 07:12:28,893- LibraryThreadRun: Application stopped
